#
# There is insufficient memory for the Java Runtime Environment to continue.
# Native memory allocation (malloc) failed to allocate 32744 bytes for ChunkPool::allocate
# Possible reasons:
#   The system is out of physical RAM or swap space
#   The process is running with CompressedOops enabled, and the Java Heap may be blocking the growth of the native heap
# Possible solutions:
#   Reduce memory load on the system
#   Increase physical memory or swap space
#   Check if swap backing store is full
#   Decrease Java heap size (-Xmx/-Xms)
#   Decrease number of Java threads
#   Decrease Java thread stack sizes (-Xss)
#   Set larger code cache with -XX:ReservedCodeCacheSize=
#   JVM is running with Zero Based Compressed Oops mode in which the Java heap is
#     placed in the first 32GB address space. The Java Heap base address is the
#     maximum limit for the native heap growth. Please use -XX:HeapBaseMinAddress
#     to set the Java Heap base and to place the Java Heap above 32GB virtual address.
# This output file may be truncated or incomplete.
#
#  Out of Memory Error (allocation.cpp:272), pid=18856, tid=0x0000000000007fa0
#
# JRE version: Java(TM) SE Runtime Environment (8.0_241-b07) (build 1.8.0_241-b07)
# Java VM: Java HotSpot(TM) 64-Bit Server VM (25.241-b07 mixed mode windows-amd64 compressed oops)
# Failed to write core dump. Minidumps are not enabled by default on client versions of Windows
#

---------------  T H R E A D  ---------------

Current thread (0x000000001d615800):  JavaThread "C2 CompilerThread0" daemon [_thread_in_native, id=32672, stack(0x000000001e520000,0x000000001e620000)]

Stack: [0x000000001e520000,0x000000001e620000]
[error occurred during error reporting (printing stack bounds), id 0xc0000005]

Native frames: (J=compiled Java code, j=interpreted, Vv=VM code, C=native code)


Current CompileTask:
C2:   2560  634   !   4       sun.font.SunFontManager::addToPool (131 bytes)


---------------  P R O C E S S  ---------------

Java Threads: ( => current thread )
  0x0000000002118800 JavaThread "DestroyJavaVM" [_thread_blocked, id=47812, stack(0x0000000002530000,0x0000000002630000)]
  0x000000001f79d800 JavaThread "Animation Thread" [_thread_in_Java, id=42856, stack(0x0000000026320000,0x0000000026420000)]
  0x000000001f79a800 JavaThread "D3D Screen Updater" daemon [_thread_blocked, id=42088, stack(0x00000000253c0000,0x00000000254c0000)]
  0x000000001f746000 JavaThread "Image Fetcher 0" daemon [_thread_blocked, id=33892, stack(0x0000000025110000,0x0000000025210000)]
  0x000000001f743800 JavaThread "AWT-EventQueue-0" [_thread_blocked, id=35832, stack(0x0000000024fa0000,0x00000000250a0000)]
  0x000000001f671800 JavaThread "AWT-Windows" daemon [_thread_in_native, id=36792, stack(0x000000001ff20000,0x0000000020020000)]
  0x000000001f670800 JavaThread "AWT-Shutdown" [_thread_blocked, id=14120, stack(0x0000000020090000,0x0000000020190000)]
  0x000000001f66e000 JavaThread "Java2D Disposer" daemon [_thread_blocked, id=45580, stack(0x000000001fdf0000,0x000000001fef0000)]
  0x000000001d6c3000 JavaThread "Service Thread" daemon [_thread_blocked, id=32372, stack(0x000000001f450000,0x000000001f550000)]
  0x000000001d622000 JavaThread "C1 CompilerThread3" daemon [_thread_in_vm, id=40760, stack(0x000000001eb80000,0x000000001ec80000)]
  0x000000001d621800 JavaThread "C2 CompilerThread2" daemon [_thread_blocked, id=47488, stack(0x000000001f280000,0x000000001f380000)]
  0x000000001d620800 JavaThread "C2 CompilerThread1" daemon [_thread_in_vm, id=22588, stack(0x000000001f090000,0x000000001f190000)]
=>0x000000001d615800 JavaThread "C2 CompilerThread0" daemon [_thread_in_native, id=32672, stack(0x000000001e520000,0x000000001e620000)]
  0x000000001d612000 JavaThread "Attach Listener" daemon [_thread_blocked, id=34752, stack(0x000000001ee80000,0x000000001ef80000)]
  0x000000001c67f000 JavaThread "Signal Dispatcher" daemon [_thread_blocked, id=41228, stack(0x000000001ecb0000,0x000000001edb0000)]
  0x000000001c672000 JavaThread "Finalizer" daemon [_thread_blocked, id=45608, stack(0x000000001ea70000,0x000000001eb70000)]
  0x000000001c66a000 JavaThread "Reference Handler" daemon [_thread_blocked, id=9808, stack(0x000000001e870000,0x000000001e970000)]

Other Threads:
  0x000000001c663000 VMThread [stack: 0x000000001e6a0000,0x000000001e7a0000] [id=17948]
  0x000000001d6e0000 WatcherThread [stack: 0x000000001ef90000,0x000000001f090000] [id=28980]

VM state:not at safepoint (normal execution)

VM Mutex/Monitor currently owned by a thread: None

heap address: 0x00000006c0800000, size: 4088 MB, Compressed Oops mode: Zero based, Oop shift amount: 3
Narrow klass base: 0x0000000000000000, Narrow klass shift: 3
Compressed class space size: 1073741824 Address: 0x00000007c0000000

Heap:
 PSYoungGen      total 76288K, used 31252K [0x000000076ad80000, 0x0000000770280000, 0x00000007c0000000)
  eden space 65536K, 47% used [0x000000076ad80000,0x000000076cc05280,0x000000076ed80000)
  from space 10752K, 0% used [0x000000076f800000,0x000000076f800000,0x0000000770280000)
  to   space 10752K, 0% used [0x000000076ed80000,0x000000076ed80000,0x000000076f800000)
 ParOldGen       total 175104K, used 0K [0x00000006c0800000, 0x00000006cb300000, 0x000000076ad80000)
  object space 175104K, 0% used [0x00000006c0800000,0x00000006c0800000,0x00000006cb300000)
 Metaspace       used 9885K, capacity 10060K, committed 10240K, reserved 1058816K
  class space    used 1146K, capacity 1222K, committed 1280K, reserved 1048576K

Card table byte_map: [0x0000000011cc0000,0x00000000124c0000] byte_map_base: 0x000000000e6bc000

Marking Bits: (ParMarkBitMap*) 0x00000000581dbe30
 Begin Bits: [0x00000000134c0000, 0x00000000174a0000)
 End Bits:   [0x00000000174a0000, 0x000000001b480000)

Polling page: 0x0000000000220000

CodeCache: size=245760Kb used=2632Kb max_used=2632Kb free=243127Kb
 bounds [0x0000000002900000, 0x0000000002ba0000, 0x0000000011900000]
 total_blobs=1123 nmethods=632 adapters=404
 compilation: enabled

Compilation events (10 events):
Event: 2.539 Thread 0x000000001d622000  629       3       sun.font.FontFamily::preferredWidth (216 bytes)
Event: 2.541 Thread 0x000000001d622000 nmethod 629 0x0000000002b86d10 code [0x0000000002b87200, 0x0000000002b8a5a8]
Event: 2.541 Thread 0x000000001d622000  630       3       sun.font.SunFontManager::addToFontList (534 bytes)
Event: 2.543 Thread 0x000000001d622000 nmethod 630 0x0000000002b8ba90 code [0x0000000002b8c1a0, 0x0000000002b90db8]
Event: 2.545 Thread 0x000000001d622000  631   !   3       sun.font.SunFontManager::registerFontFile (282 bytes)
Event: 2.545 Thread 0x000000001d621800  632       4       java.util.concurrent.ConcurrentHashMap::casTabAt (20 bytes)
Event: 2.546 Thread 0x000000001d621800 nmethod 632 0x0000000002b56b50 code [0x0000000002b56c80, 0x0000000002b56cf8]
Event: 2.546 Thread 0x000000001d622000 nmethod 631 0x0000000002b93210 code [0x0000000002b93640, 0x0000000002b95db8]
Event: 2.551 Thread 0x000000001d620800  633       4       sun.font.TrueTypeFont::initNames (370 bytes)
Event: 2.555 Thread 0x000000001d615800  634   !   4       sun.font.SunFontManager::addToPool (131 bytes)

GC Heap History (0 events):
No events

Deoptimization events (0 events):
No events

Classes redefined (0 events):
No events

Internal exceptions (10 events):
Event: 0.027 Thread 0x0000000002118800 Exception <a 'java/lang/NoSuchMethodError': Method sun.misc.Unsafe.defineClass(Ljava/lang/String;[BII)Ljava/lang/Class; name or signature does not match> (0x000000076ad87cc0) thrown at [C:\ade\jenkins\workspace\8-2-build-windows-amd64-cygwin\jdk8u241\331\
Event: 0.027 Thread 0x0000000002118800 Exception <a 'java/lang/NoSuchMethodError': Method sun.misc.Unsafe.prefetchRead(Ljava/lang/Object;J)V name or signature does not match> (0x000000076ad87fa8) thrown at [C:\ade\jenkins\workspace\8-2-build-windows-amd64-cygwin\jdk8u241\331\hotspot\src\share\
Event: 0.118 Thread 0x0000000002118800 Exception <a 'java/security/PrivilegedActionException'> (0x000000076b04a010) thrown at [C:\ade\jenkins\workspace\8-2-build-windows-amd64-cygwin\jdk8u241\331\hotspot\src\share\vm\prims\jvm.cpp, line 1502]
Event: 0.118 Thread 0x0000000002118800 Exception <a 'java/security/PrivilegedActionException'> (0x000000076b04a220) thrown at [C:\ade\jenkins\workspace\8-2-build-windows-amd64-cygwin\jdk8u241\331\hotspot\src\share\vm\prims\jvm.cpp, line 1502]
Event: 0.118 Thread 0x0000000002118800 Exception <a 'java/security/PrivilegedActionException'> (0x000000076b04de90) thrown at [C:\ade\jenkins\workspace\8-2-build-windows-amd64-cygwin\jdk8u241\331\hotspot\src\share\vm\prims\jvm.cpp, line 1502]
Event: 0.118 Thread 0x0000000002118800 Exception <a 'java/security/PrivilegedActionException'> (0x000000076b04e0a0) thrown at [C:\ade\jenkins\workspace\8-2-build-windows-amd64-cygwin\jdk8u241\331\hotspot\src\share\vm\prims\jvm.cpp, line 1502]
Event: 0.150 Thread 0x0000000002118800 Exception <a 'java/io/FileNotFoundException'> (0x000000076b0501b0) thrown at [C:\ade\jenkins\workspace\8-2-build-windows-amd64-cygwin\jdk8u241\331\hotspot\src\share\vm\prims\jni.cpp, line 710]
Event: 0.182 Thread 0x0000000002118800 Exception <a 'java/lang/NoSuchFieldError': method resolution failed> (0x000000076b120958) thrown at [C:\ade\jenkins\workspace\8-2-build-windows-amd64-cygwin\jdk8u241\331\hotspot\src\share\vm\prims\methodHandles.cpp, line 1167]
Event: 0.184 Thread 0x0000000002118800 Exception <a 'java/lang/NoSuchFieldError': method resolution failed> (0x000000076b12dca8) thrown at [C:\ade\jenkins\workspace\8-2-build-windows-amd64-cygwin\jdk8u241\331\hotspot\src\share\vm\prims\methodHandles.cpp, line 1167]
Event: 0.251 Thread 0x0000000002118800 Exception <a 'java/io/FileNotFoundException'> (0x000000076b54e968) thrown at [C:\ade\jenkins\workspace\8-2-build-windows-amd64-cygwin\jdk8u241\331\hotspot\src\share\vm\prims\jni.cpp, line 710]

Events (10 events):
Event: 1.964 Thread 0x000000001f79d800 DEOPT PACKING pc=0x0000000002b0c4f9 sp=0x000000002641ea60
Event: 1.964 Thread 0x000000001f79d800 DEOPT UNPACKING pc=0x0000000002947890 sp=0x000000002641e798 mode 0
Event: 2.492 loading class sun/font/SunFontManager$10
Event: 2.492 loading class sun/font/SunFontManager$10 done
Event: 2.493 loading class sun/font/SunFontManager$11
Event: 2.493 loading class sun/font/SunFontManager$11 done
Event: 2.499 loading class java/util/LinkedHashMap$LinkedKeySet
Event: 2.499 loading class java/util/LinkedHashMap$LinkedKeySet done
Event: 2.499 loading class java/util/LinkedHashMap$LinkedKeyIterator
Event: 2.499 loading class java/util/LinkedHashMap$LinkedKeyIterator done


Dynamic libraries:
0x000000013fe20000 - 0x000000013fe57000 	C:\Program Files\Java\jre1.8.0_241\bin\javaw.exe
0x0000000077550000 - 0x00000000776ef000 	C:\Windows\SYSTEM32\ntdll.dll
0x0000000077430000 - 0x000000007754f000 	C:\Windows\system32\kernel32.dll
0x000007fefd160000 - 0x000007fefd1c7000 	C:\Windows\system32\KERNELBASE.dll
0x000007fefd670000 - 0x000007fefd74b000 	C:\Windows\system32\ADVAPI32.dll
0x000007fefd5d0000 - 0x000007fefd66f000 	C:\Windows\system32\msvcrt.dll
0x000007fefdf30000 - 0x000007fefdf4f000 	C:\Windows\SYSTEM32\sechost.dll
0x000007fefdcf0000 - 0x000007fefde1c000 	C:\Windows\system32\RPCRT4.dll
0x0000000077330000 - 0x000000007742b000 	C:\Windows\system32\USER32.dll
0x000007fefdc80000 - 0x000007fefdce7000 	C:\Windows\system32\GDI32.dll
0x000007feff830000 - 0x000007feff83e000 	C:\Windows\system32\LPK.dll
0x000007fefdf50000 - 0x000007fefe01b000 	C:\Windows\system32\USP10.dll
0x000007fefc100000 - 0x000007fefc2f5000 	C:\Windows\WinSxS\amd64_microsoft.windows.common-controls_6595b64144ccf1df_6.0.7601.24483_none_e372d88f30fbb845\COMCTL32.dll
0x000007feff170000 - 0x000007feff1e1000 	C:\Windows\system32\SHLWAPI.dll
0x000007fefd5a0000 - 0x000007fefd5ce000 	C:\Windows\system32\IMM32.DLL
0x000007fefde20000 - 0x000007fefdf2b000 	C:\Windows\system32\MSCTF.dll
0x000000006bef0000 - 0x000000006bfc2000 	C:\Program Files\Java\jre1.8.0_241\bin\msvcr100.dll
0x00000000579b0000 - 0x000000005825c000 	C:\Program Files\Java\jre1.8.0_241\bin\server\jvm.dll
0x000007feeec10000 - 0x000007feeec19000 	C:\Windows\system32\WSOCK32.dll
0x000007fefe390000 - 0x000007fefe3dd000 	C:\Windows\system32\WS2_32.dll
0x000007feff820000 - 0x000007feff828000 	C:\Windows\system32\NSI.dll
0x000007fefa400000 - 0x000007fefa43b000 	C:\Windows\system32\WINMM.dll
0x000007fefbd50000 - 0x000007fefbd5c000 	C:\Windows\system32\VERSION.dll
0x0000000077700000 - 0x0000000077707000 	C:\Windows\system32\PSAPI.DLL
0x000007fefb520000 - 0x000007fefb52f000 	C:\Program Files\Java\jre1.8.0_241\bin\verify.dll
0x000007fef75e0000 - 0x000007fef7609000 	C:\Program Files\Java\jre1.8.0_241\bin\java.dll
0x000007fef7bc0000 - 0x000007fef7bd6000 	C:\Program Files\Java\jre1.8.0_241\bin\zip.dll
0x000007fefe3e0000 - 0x000007feff16b000 	C:\Windows\system32\SHELL32.dll
0x000007feff1f0000 - 0x000007feff3ef000 	C:\Windows\system32\ole32.dll
0x000007fefd0a0000 - 0x000007fefd0af000 	C:\Windows\system32\profapi.dll
0x000007fed0960000 - 0x000007fed0afa000 	C:\Program Files\Java\jre1.8.0_241\bin\awt.dll
0x000007fefd4c0000 - 0x000007fefd59b000 	C:\Windows\system32\OLEAUT32.dll
0x000007fefb350000 - 0x000007fefb3a6000 	C:\Windows\system32\uxtheme.dll
0x000007fefaf30000 - 0x000007fefaf48000 	C:\Windows\system32\dwmapi.dll
0x000007fefcf40000 - 0x000007fefcf4f000 	C:\Windows\system32\CRYPTBASE.dll
0x000007fee1b30000 - 0x000007fee1c4d000 	C:\Windows\system32\opengl32.dll
0x000007fefa0c0000 - 0x000007fefa0ed000 	C:\Windows\system32\GLU32.dll
0x000007fee17c0000 - 0x000007fee18b1000 	C:\Windows\system32\DDRAW.dll
0x000007fefa350000 - 0x000007fefa358000 	C:\Windows\system32\DCIMAN32.dll
0x000007feff620000 - 0x000007feff7f7000 	C:\Windows\system32\SETUPAPI.dll
0x000007fefd420000 - 0x000007fefd456000 	C:\Windows\system32\CFGMGR32.dll
0x000007fefd100000 - 0x000007fefd11a000 	C:\Windows\system32\DEVOBJ.dll
0x000007feddee0000 - 0x000007fede0df000 	C:\Windows\system32\d3d9.dll
0x000007fefa360000 - 0x000007fefa367000 	C:\Windows\system32\d3d8thk.dll
0x000007fec7fc0000 - 0x000007fec90b2000 	C:\Windows\system32\nvd3dumx.dll
0x000007fed7ad0000 - 0x000007fed7d3a000 	C:\Windows\system32\nvspcap64.dll
0x000007fefbd10000 - 0x000007fefbd13000 	C:\Windows\system32\api-ms-win-core-synch-l1-2-0.DLL
0x000007fefbad0000 - 0x000007fefbafd000 	C:\Windows\system32\ntmarta.dll
0x000007fefd460000 - 0x000007fefd4b2000 	C:\Windows\system32\WLDAP32.dll
0x000007fefab00000 - 0x000007fefab2c000 	C:\Windows\system32\powrprof.dll
0x000007feecf10000 - 0x000007feecffa000 	C:\Program Files (x86)\NVIDIA Corporation\3D Vision\nvSCPAPI64.dll
0x000007fed9990000 - 0x000007fed99d9000 	C:\Program Files\Java\jre1.8.0_241\bin\fontmanager.dll
0x000007fed62b0000 - 0x000007fed62ef000 	C:\Program Files\ASUS\Bluetooth Software\btmmhook.dll
0x000007fefe2f0000 - 0x000007fefe389000 	C:\Windows\system32\CLBCatQ.DLL
0x000007fef7910000 - 0x000007fef792a000 	C:\Program Files\Java\jre1.8.0_241\bin\net.dll
0x000007fefc7e0000 - 0x000007fefc835000 	C:\Windows\system32\mswsock.dll
0x000007fefca30000 - 0x000007fefca37000 	C:\Windows\System32\wship6.dll
0x000007fef74f0000 - 0x000007fef7502000 	C:\Program Files\Java\jre1.8.0_241\bin\nio.dll

VM Arguments:
jvm_args: -Dfile.encoding=Cp1252 
java_command: UsingProcessing
java_class_path (initial): E:\Library\Workspaces\EclipseWorkspace\DisplayMovingDataMultiSensorV3\bin;E:\Library\Google Drive\MaximProject\OneLastPush\Weekly Deliverables\2019_01_17 - ESP As Fast As Possible\SimpleTcpTestPDE\code\commons_collections.jar;E:\Library\Google Drive\MaximProject\OneLastPush\Weekly Deliverables\2019_01_17 - ESP As Fast As Possible\SimpleTcpTestPDE\code\commons_lang.jar;E:\Library\Workspaces\EclipseWorkspace\DisplayMovingDataMultiSensorV3\core.jar;E:\Library\Workspaces\EclipseWorkspace\DisplayMovingDataMultiSensorV3\net.jar;E:\Library\Workspaces\EclipseWorkspace\DisplayMovingDataMultiSensorV3\javamp3-1.0.3.jar;E:\Library\Workspaces\EclipseWorkspace\DisplayMovingDataMultiSensorV3\jsyn-20171016.jar;E:\Library\Workspaces\EclipseWorkspace\DisplayMovingDataMultiSensorV3\sound.jar
Launcher Type: SUN_STANDARD

Environment Variables:
USERNAME=Patrice
OS=Windows_NT
PROCESSOR_IDENTIFIER=Intel64 Family 6 Model 58 Stepping 9, GenuineIntel



---------------  S Y S T E M  ---------------

OS: Windows 7 , 64 bit Build 7601 (6.1.7601.24545)

CPU:total 8 (initial active 8) (4 cores per cpu, 2 threads per core) family 6 model 58 stepping 9, cmov, cx8, fxsr, mmx, sse, sse2, sse3, ssse3, sse4.1, sse4.2, popcnt, avx, aes, clmul, erms, ht, tsc, tscinvbit, tscinv

Memory: 4k page, physical 16736288k(2155864k free), swap 17782964k(1012k free)

vm_info: Java HotSpot(TM) 64-Bit Server VM (25.241-b07) for windows-amd64 JRE (1.8.0_241-b07), built on Dec 11 2019 10:21:40 by "rejava" with MS VC++ 10.0 (VS2010)

time: Mon Mar 02 19:31:45 2020
timezone: Pacific Standard Time
elapsed time: 2 seconds (0d 0h 0m 2s)

